<?xml version="1.0" encoding="UTF-8"?>
<!-- Generated by org.testng.reporters.JUnitXMLReporter -->
<testsuite ignored="0" hostname="Sasidhar" failures="0" tests="2" name="Default test" time="0.093" errors="0" timestamp="07 Sep 2021 12:42:22 GMT">
  <testcase classname="com.CCPAAutomation.tests.UIDownload" name="TC001_Guest_DownloadRequest" time="0.021"/>
  <testcase classname="com.CCPAAutomation.tests.UIDownload" name="TC002_Guest_DownloadRequest" time="0.005"/>
</testsuite> <!-- Default test -->
