<?xml version="1.0" encoding="UTF-8"?>
<testsuite xmlns:xsi="http://www.w3.org/2001/XMLSchema-instance" xsi:noNamespaceSchemaLocation="https://maven.apache.org/surefire/maven-surefire-plugin/xsd/surefire-test-report-3.0.xsd" version="3.0" name="TestSuite" time="108.889" tests="2" errors="0" skipped="0" failures="2">
  <properties>
[...]
</properties>
  <testcase name="TC002_Guest_DownloadRequest" classname="com.CCPAAutomation.tests.UIDownload" time="101.541">
    <failure message="Test Fail: Test Fail-Guest Download failed Expected condition failed: waiting for com.CCPAAutomation.pages.Browseractions$1@d723d33 (tried for 25 second(s) with 2000 milliseconds interval)" type="java.lang.AssertionError"><![CDATA[java.lang.AssertionError: Test Fail: Test Fail-Guest Download failed Expected condition failed: waiting for com.CCPAAutomation.pages.Browseractions$1@d723d33 (tried for 25 second(s) with 2000 milliseconds interval)
	at com.CCPAAutomation.tests.UIDownload.VPDDownload(UIDownload.java:39)
]]></failure>
    <system-out><![CDATA[CCPAUIDownload
[{zipcode=95678.0, StreetAddress=Suite 201, TransactionType=GuestDownload, FirstName=JACK, State=CA, DOB=11/11/1991, LastName=JETER, City=Roseville, FileFormat=xls, TestCaseDescription=TC001_Guest_DownloadRequest, SSN=NA, Browser=Chrome}, {zipcode=95679.0, StreetAddress=Suite 301, TransactionType=GuestDownload, FirstName=BOB, State=CA, DOB=11/11/1993, LastName=BONDS, City=Roseville, FileFormat=csv, TestCaseDescription=TC002_Guest_DownloadRequest, SSN=NA, Browser=Chrome}]
[{zipcode=95678.0, StreetAddress=Suite 201, TransactionType=GuestDownload, FirstName=JACK, State=CA, DOB=11/11/1991, LastName=JETER, City=Roseville, FileFormat=xls, TestCaseDescription=TC001_Guest_DownloadRequest, SSN=NA, Browser=Chrome}, {zipcode=95679.0, StreetAddress=Suite 301, TransactionType=GuestDownload, FirstName=BOB, State=CA, DOB=11/11/1993, LastName=BONDS, City=Roseville, FileFormat=csv, TestCaseDescription=TC002_Guest_DownloadRequest, SSN=NA, Browser=Chrome}]
{TransactionType=GuestDownload, FirstName=BOB, City=Roseville, FileFormat=csv, SSN=NA, zipcode=95679.0, StreetAddress=Suite 301, State=CA, DOB=11/11/1993, LastName=BONDS, TestCaseDescription=TC002_Guest_DownloadRequest, Browser=Chrome}
{TransactionType=GuestDownload, FirstName=JACK, City=Roseville, FileFormat=xls, SSN=NA, zipcode=95678.0, StreetAddress=Suite 201, State=CA, DOB=11/11/1991, LastName=JETER, TestCaseDescription=TC001_Guest_DownloadRequest, Browser=Chrome}
userName : Sasidhar
userName : Sasidhar
]]></system-out>
    <system-err><![CDATA[9918 [TestNG-test=CCPAUIDownload-1] INFO io.github.bonigarcia.wdm.WebDriverManager - Using chromedriver 108.0.5359.71 (resolved driver for Chrome 108)
9931 [TestNG-test=CCPAUIDownload-2] INFO io.github.bonigarcia.wdm.WebDriverManager - Using chromedriver 108.0.5359.71 (resolved driver for Chrome 108)
9959 [TestNG-test=CCPAUIDownload-2] INFO io.github.bonigarcia.wdm.WebDriverManager - Reading https://chromedriver.storage.googleapis.com/ to seek chromedriver
9960 [TestNG-test=CCPAUIDownload-1] INFO io.github.bonigarcia.wdm.WebDriverManager - Reading https://chromedriver.storage.googleapis.com/ to seek chromedriver
11782 [TestNG-test=CCPAUIDownload-2] INFO io.github.bonigarcia.wdm.online.Downloader - Downloading https://chromedriver.storage.googleapis.com/108.0.5359.71/chromedriver_win32.zip
11802 [TestNG-test=CCPAUIDownload-1] INFO io.github.bonigarcia.wdm.online.Downloader - Downloading https://chromedriver.storage.googleapis.com/108.0.5359.71/chromedriver_win32.zip
15158 [TestNG-test=CCPAUIDownload-2] INFO io.github.bonigarcia.wdm.online.Downloader - Extracting driver from compressed file chromedriver_win32.zip
15368 [TestNG-test=CCPAUIDownload-2] INFO io.github.bonigarcia.wdm.WebDriverManager - Exporting webdriver.chrome.driver as C:\Users\Sasidhar\.cache\selenium\chromedriver\win32\108.0.5359.71\chromedriver.exe
19236 [TestNG-test=CCPAUIDownload-1] INFO io.github.bonigarcia.wdm.online.Downloader - Extracting driver from compressed file chromedriver_win32.zip
19437 [TestNG-test=CCPAUIDownload-1] INFO io.github.bonigarcia.wdm.WebDriverManager - Exporting webdriver.chrome.driver as C:\Users\Sasidhar\.cache\selenium\chromedriver\win32\108.0.5359.71\chromedriver.exe
SSttaarrttiinngg  CChhrroomemDreivDerr i108.0.5359.71 (1e0e3868eev06eer9 11a08d.6036.5a38579.4714 (21e00ee338c68ae3e0a6ee931a7d6356a687a44c20-e3rcae3afes375/6abcr-raefns/cbhra-nchhe-haeaddss//535593@5{9#@10{16#})1 o0n 1po6rt})  28o46n6 
Onply olorctal  3co8n2n5e7ct
ioOnns larye  lalolcowaeld. c
oPlnenaescet iseoen sht taprs:e/ /chraomledlroiwveedr..ch
rPolmeiausme. osrege/ shetctuprsi:t/y/-cchonrsoimedderriavteiron.sc hfroorm isuugmg.eosrtgi/osnesc uorni tkye-epicnogn sCihdreormeaDtrioinvse rf osr asfugeg.e
stions on keeping ChromeDriver safe.
CChhrroommeeDDrriivvere rw awsa ss tsatratretedd s uccseuscsfcuelslys.f
ully.
Jan 10, 2023 6:28:12 PM org.openqa.selenium.remote.ProtocolHandshake createSession
INFO: Detected dialect: W3C
Jan 10, 2023 6:28:12 PM org.openqa.selenium.remote.ProtocolHandshake createSession
INFO: Detected dialect: W3C
]]></system-err>
  </testcase>
  <testcase name="TC001_Guest_DownloadRequest" classname="com.CCPAAutomation.tests.UIDownload" time="101.543">
    <failure message="Test Fail: Test Fail-Guest Download failed Expected condition failed: waiting for com.CCPAAutomation.pages.Browseractions$1@3fbb3620 (tried for 15 second(s) with 2000 milliseconds interval)" type="java.lang.AssertionError"><![CDATA[java.lang.AssertionError: Test Fail: Test Fail-Guest Download failed Expected condition failed: waiting for com.CCPAAutomation.pages.Browseractions$1@3fbb3620 (tried for 15 second(s) with 2000 milliseconds interval)
	at com.CCPAAutomation.tests.UIDownload.VPDDownload(UIDownload.java:39)
]]></failure>
  </testcase>
</testsuite>