<?xml version="1.0" encoding="UTF-8"?>
<!-- Generated by org.testng.reporters.JUnitXMLReporter -->
<testsuite ignored="0" hostname="Sasidhar" failures="2" tests="2" name="CCPAUIDownload" time="103.215" errors="0" timestamp="10 Jan 2023 12:59:17 GMT">
  <testcase classname="com.CCPAAutomation.tests.UIDownload" name="TC001_Guest_DownloadRequest" time="102.557">
    <failure type="java.lang.AssertionError" message="Test Fail: Test Fail-Guest Download failed Expected condition failed: waiting for com.CCPAAutomation.pages.Browseractions$1@3fbb3620 (tried for 15 second(s) with 2000 milliseconds interval)">
      <![CDATA[java.lang.AssertionError: Test Fail: Test Fail-Guest Download failed Expected condition failed: waiting for com.CCPAAutomation.pages.Browseractions$1@3fbb3620 (tried for 15 second(s) with 2000 milliseconds interval)
at com.CCPAAutomation.tests.UIDownload.VPDDownload(UIDownload.java:39)
at java.base/java.util.concurrent.ThreadPoolExecutor.runWorker(ThreadPoolExecutor.java:1128)
at java.base/java.util.concurrent.ThreadPoolExecutor$Worker.run(ThreadPoolExecutor.java:628)
at java.base/java.lang.Thread.run(Thread.java:830)
... Removed 11 stack frames]]>
    </failure>
  </testcase> <!-- TC001_Guest_DownloadRequest -->
  <testcase classname="com.CCPAAutomation.tests.UIDownload" name="TC002_Guest_DownloadRequest" time="102.557">
    <failure type="java.lang.AssertionError" message="Test Fail: Test Fail-Guest Download failed Expected condition failed: waiting for com.CCPAAutomation.pages.Browseractions$1@d723d33 (tried for 25 second(s) with 2000 milliseconds interval)">
      <![CDATA[java.lang.AssertionError: Test Fail: Test Fail-Guest Download failed Expected condition failed: waiting for com.CCPAAutomation.pages.Browseractions$1@d723d33 (tried for 25 second(s) with 2000 milliseconds interval)
at com.CCPAAutomation.tests.UIDownload.VPDDownload(UIDownload.java:39)
at java.base/java.util.concurrent.ThreadPoolExecutor.runWorker(ThreadPoolExecutor.java:1128)
at java.base/java.util.concurrent.ThreadPoolExecutor$Worker.run(ThreadPoolExecutor.java:628)
at java.base/java.lang.Thread.run(Thread.java:830)
... Removed 11 stack frames]]>
    </failure>
  </testcase> <!-- TC002_Guest_DownloadRequest -->
</testsuite> <!-- CCPAUIDownload -->
